Determining if the pthread_create exist failed with the following output:
Change Dir: /home/linlin/桌面/vnpy/vn.ctp/build/CMakeFiles/CMakeTmp

Run Build Command:"/usr/bin/make" "cmTC_ede9f/fast"
/usr/bin/make -f CMakeFiles/cmTC_ede9f.dir/build.make CMakeFiles/cmTC_ede9f.dir/build
make[1]: 进入目录“/home/linlin/桌面/vnpy/vn.ctp/build/CMakeFiles/CMakeTmp”
Building C object CMakeFiles/cmTC_ede9f.dir/CheckSymbolExists.c.o
/usr/bin/cc     -o CMakeFiles/cmTC_ede9f.dir/CheckSymbolExists.c.o   -c /home/linlin/桌面/vnpy/vn.ctp/build/CMakeFiles/CMakeTmp/CheckSymbolExists.c
Linking C executable cmTC_ede9f
/usr/bin/cmake -E cmake_link_script CMakeFiles/cmTC_ede9f.dir/link.txt --verbose=1
/usr/bin/cc       CMakeFiles/cmTC_ede9f.dir/CheckSymbolExists.c.o  -o cmTC_ede9f -rdynamic 
CMakeFiles/cmTC_ede9f.dir/CheckSymbolExists.c.o：在函数‘main’中：
CheckSymbolExists.c:(.text+0x16)：对‘pthread_create’未定义的引用
collect2: 错误：ld 返回 1
make[1]: *** [CMakeFiles/cmTC_ede9f.dir/build.make:98：cmTC_ede9f] 错误 1
make[1]: 离开目录“/home/linlin/桌面/vnpy/vn.ctp/build/CMakeFiles/CMakeTmp”
make: *** [Makefile:126：cmTC_ede9f/fast] 错误 2

File /home/linlin/桌面/vnpy/vn.ctp/build/CMakeFiles/CMakeTmp/CheckSymbolExists.c:
/* */
#include <pthread.h>

int main(int argc, char** argv)
{
  (void)argv;
#ifndef pthread_create
  return ((int*)(&pthread_create))[argc];
#else
  (void)argc;
  return 0;
#endif
}

Determining if the function pthread_create exists in the pthreads failed with the following output:
Change Dir: /home/linlin/桌面/vnpy/vn.ctp/build/CMakeFiles/CMakeTmp

Run Build Command:"/usr/bin/make" "cmTC_d8c04/fast"
/usr/bin/make -f CMakeFiles/cmTC_d8c04.dir/build.make CMakeFiles/cmTC_d8c04.dir/build
make[1]: 进入目录“/home/linlin/桌面/vnpy/vn.ctp/build/CMakeFiles/CMakeTmp”
Building C object CMakeFiles/cmTC_d8c04.dir/CheckFunctionExists.c.o
/usr/bin/cc    -DCHECK_FUNCTION_EXISTS=pthread_create   -o CMakeFiles/cmTC_d8c04.dir/CheckFunctionExists.c.o   -c /usr/share/cmake-3.6/Modules/CheckFunctionExists.c
Linking C executable cmTC_d8c04
/usr/bin/cmake -E cmake_link_script CMakeFiles/cmTC_d8c04.dir/link.txt --verbose=1
/usr/bin/cc   -DCHECK_FUNCTION_EXISTS=pthread_create    CMakeFiles/cmTC_d8c04.dir/CheckFunctionExists.c.o  -o cmTC_d8c04 -rdynamic -lpthreads 
/usr/bin/ld: 找不到 -lpthreads
collect2: 错误：ld 返回 1
make[1]: *** [CMakeFiles/cmTC_d8c04.dir/build.make:98：cmTC_d8c04] 错误 1
make[1]: 离开目录“/home/linlin/桌面/vnpy/vn.ctp/build/CMakeFiles/CMakeTmp”
make: *** [Makefile:126：cmTC_d8c04/fast] 错误 2


